<?xml version="1.0" encoding="UTF-8"?>
<!-- Generated by org.testng.reporters.JUnitReportReporter -->
<testsuite hostname="LAPTOP-TVHBTHFI" failures="0" tests="1" name="SampleHelloDocker.TestHelloDocker" time="0.007" errors="0" timestamp="2022-09-29T21:22:25 IST" skipped="0">
  <testcase classname="SampleHelloDocker.TestHelloDocker" name="TestHelloDocker" time="0.007"/>
  <system-out/>
</testsuite> <!-- SampleHelloDocker.TestHelloDocker -->
